TN:
SF:lib/config/app_router/app_router.dart
FNF:0
FNH:0
DA:11,0
DA:15,0
DA:16,0
DA:17,0
DA:21,0
DA:24,0
DA:26,0
DA:29,0
DA:30,0
DA:39,0
DA:44,0
DA:46,0
DA:48,0
DA:49,0
DA:51,0
DA:52,0
DA:53,0
DA:55,0
DA:56,0
DA:57,0
DA:63,0
DA:66,0
DA:67,0
DA:71,0
DA:72,0
DA:73,0
DA:75,0
DA:76,0
DA:79,0
LF:29
LH:0
end_of_record
TN:
SF:lib/config/theme/theme.dart
FNF:0
FNH:0
DA:8,0
DA:9,0
DA:10,0
DA:11,0
DA:12,0
LF:5
LH:0
end_of_record
TN:
SF:lib/data/app_database/app_database.dart
FNF:0
FNH:0
DA:19,2
DA:21,1
DA:25,0
DA:26,0
DA:27,0
DA:28,0
DA:30,0
DA:31,0
DA:34,0
DA:35,0
DA:37,0
LF:11
LH:2
end_of_record
TN:
SF:lib/data/app_database/app_database_exceptions.dart
FNF:0
FNH:0
DA:6,0
DA:14,0
DA:16,0
DA:19,0
DA:24,0
DA:26,0
DA:29,0
LF:7
LH:0
end_of_record
TN:
SF:lib/data/app_database/dao/user_dao/user_dao.dart
FNF:0
FNH:0
DA:12,1
DA:14,1
DA:15,3
DA:21,1
DA:22,2
DA:23,1
DA:24,6
DA:26,1
DA:29,1
DA:30,6
DA:31,1
DA:34,1
DA:35,3
LF:13
LH:13
end_of_record
TN:
SF:lib/data/app_database/table/user_table.dart
FNF:0
FNH:0
DA:8,0
DA:10,0
DA:12,0
DA:14,0
DA:16,0
DA:17,0
LF:6
LH:0
end_of_record
TN:
SF:lib/data/repository/local_user_repository/local_user_repository.dart
FNF:0
FNH:0
DA:8,1
DA:12,1
DA:18,3
DA:19,1
DA:29,1
DA:30,1
DA:31,1
DA:32,1
DA:36,1
DA:38,3
DA:42,1
DA:43,1
DA:44,1
DA:45,1
DA:49,1
DA:54,3
DA:61,4
DA:63,1
DA:64,1
DA:65,1
DA:66,1
DA:70,1
DA:72,3
DA:76,4
LF:24
LH:24
end_of_record
TN:
SF:lib/domain/entity/entity.dart
FNF:0
FNH:0
DA:14,5
DA:19,14
LF:2
LH:2
end_of_record
TN:
SF:lib/domain/entity/freight_entity/freight_entity.dart
FNF:0
FNH:0
DA:11,1
DA:39,14
LF:2
LH:2
end_of_record
TN:
SF:lib/domain/entity/user_entity/user_entity.dart
FNF:0
FNH:0
DA:11,4
LF:1
LH:1
end_of_record
TN:
SF:lib/domain/use_case/auth_use_case.dart
FNF:0
FNH:0
DA:8,1
DA:12,1
DA:13,2
DA:16,1
DA:17,2
DA:23,1
DA:24,2
DA:31,1
DA:32,2
DA:35,1
DA:36,1
DA:37,1
DA:38,1
LF:13
LH:13
end_of_record
TN:
SF:lib/domain/use_case/freight_use_case.dart
FNF:0
FNH:0
DA:8,0
DA:12,0
DA:16,0
DA:18,0
DA:21,0
DA:25,0
LF:6
LH:0
end_of_record
TN:
SF:lib/freight_tracking_app.dart
FNF:0
FNH:0
DA:8,0
DA:17,0
DA:18,0
DA:20,0
DA:21,0
DA:22,0
DA:23,0
DA:26,0
LF:8
LH:0
end_of_record
TN:
SF:lib/presentation/bloc/auth_cubit/auth_cubit.dart
FNF:0
FNH:0
DA:11,2
DA:15,1
DA:18,1
DA:19,2
DA:20,2
DA:22,2
DA:24,1
DA:29,1
DA:30,2
DA:31,2
DA:32,2
DA:34,2
DA:36,1
DA:41,1
DA:42,2
DA:43,2
DA:44,1
DA:48,1
DA:53,2
DA:54,2
DA:55,2
DA:57,2
DA:59,1
LF:23
LH:23
end_of_record
TN:
SF:lib/presentation/bloc/bloc.dart
FNF:0
FNH:0
DA:11,0
DA:14,2
DA:15,2
DA:16,6
DA:18,2
DA:20,0
LF:6
LH:4
end_of_record
TN:
SF:lib/presentation/bloc/freight_list_cubit/freight_list_cubit.dart
FNF:0
FNH:0
DA:11,2
DA:15,1
DA:16,3
DA:18,1
DA:19,2
DA:20,4
DA:21,4
DA:25,1
DA:26,2
DA:27,7
DA:28,2
DA:29,4
DA:30,4
DA:37,1
DA:38,2
DA:39,4
DA:40,2
DA:41,4
LF:18
LH:18
end_of_record
TN:
SF:lib/presentation/pages/auth/auth.dart
FNF:0
FNH:0
DA:13,6
DA:17,0
DA:20,0
DA:21,0
DA:22,0
DA:23,0
DA:31,0
DA:38,0
DA:41,0
DA:42,0
DA:43,0
DA:44,0
DA:45,0
DA:48,0
DA:53,0
DA:54,0
DA:59,0
LF:17
LH:1
end_of_record
TN:
SF:lib/presentation/pages/auth/auth_form_page.dart
FNF:0
FNH:0
DA:8,7
DA:12,1
DA:13,1
DA:14,1
DA:15,1
DA:16,1
DA:17,1
DA:19,2
DA:20,3
DA:23,1
DA:24,1
DA:25,1
DA:26,1
DA:28,1
DA:29,3
DA:30,1
DA:34,1
DA:35,1
DA:36,1
DA:37,1
DA:41,3
DA:45,1
DA:49,1
DA:50,1
DA:51,1
DA:55,3
DA:57,1
DA:58,1
DA:63,1
DA:64,1
DA:65,1
DA:66,1
DA:69,3
DA:71,1
DA:72,1
DA:73,1
DA:74,2
DA:75,2
DA:77,2
DA:78,1
DA:79,1
DA:81,2
DA:82,2
DA:84,2
DA:85,1
DA:86,2
DA:91,1
DA:98,3
DA:102,1
DA:103,1
DA:105,0
DA:106,3
DA:119,3
DA:120,3
DA:121,1
DA:122,1
DA:124,3
DA:125,1
DA:126,1
DA:127,1
DA:129,2
DA:130,3
DA:131,1
DA:132,1
DA:133,1
LF:65
LH:64
end_of_record
TN:
SF:lib/presentation/pages/auth/login_page.dart
FNF:0
FNH:0
DA:9,7
DA:11,0
DA:13,0
LF:3
LH:1
end_of_record
TN:
SF:lib/presentation/pages/auth/sign_up_page.dart
FNF:0
FNH:0
DA:9,7
DA:11,0
DA:13,0
LF:3
LH:1
end_of_record
TN:
SF:lib/presentation/pages/freight_list_page.dart
FNF:0
FNH:0
DA:9,6
DA:11,0
DA:13,0
DA:14,0
DA:15,0
DA:16,0
DA:17,0
LF:7
LH:1
end_of_record
TN:
SF:lib/presentation/pages/splash_page.dart
FNF:0
FNH:0
DA:9,6
DA:11,0
LF:2
LH:1
end_of_record
TN:
SF:lib/presentation/widgets/column_card.dart
FNF:0
FNH:0
DA:8,1
DA:17,1
DA:18,1
DA:20,1
DA:22,1
DA:23,1
DA:25,1
LF:7
LH:7
end_of_record
